<?xml version="1.0" encoding="UTF-8"?>
<testsuite xmlns:xsi="http://www.w3.org/2001/XMLSchema-instance" xsi:noNamespaceSchemaLocation="https://maven.apache.org/surefire/maven-surefire-plugin/xsd/surefire-test-report.xsd" version="3.0.2" name="com.salaboy.intentmapping.CucumberTest" time="3.059" tests="22" errors="0" skipped="0" failures="0">
  <properties>
[...]
</properties>
  <testcase name="Create a new customer" classname="CucumberTest" time="2.68">
    <system-out><![CDATA[09:42:29.943 [main] INFO org.springframework.test.context.support.AnnotationConfigContextLoaderUtils -- Could not detect default configuration classes for test class [com.salaboy.intentmapping.CucumberSpringConfiguration]: CucumberSpringConfiguration does not declare any static, non-private, non-final, nested classes annotated with @Configuration.
09:42:29.983 [main] INFO org.springframework.boot.test.context.SpringBootTestContextBootstrapper -- Found @SpringBootConfiguration com.salaboy.intentmapping.IntentMappingApplication for test class com.salaboy.intentmapping.CucumberSpringConfiguration

  .   ____          _            __ _ _
 /\\ / ___'_ __ _ _(_)_ __  __ _ \ \ \ \
( ( )\___ | '_ | '_| | '_ \/ _` | \ \ \ \
 \\/  ___)| |_)| | | | | || (_| |  ) ) ) )
  '  |____| .__|_| |_|_| |_\__, | / / / /
 =========|_|==============|___/=/_/_/_/

 :: Spring Boot ::               (v3.5.11)

2026-03-11T09:42:30.166Z  INFO 48620 --- [           main] c.s.i.CucumberSpringConfiguration        : Starting CucumberSpringConfiguration using Java 21.0.5 with PID 48620 (started by salaboy in /Users/salaboy/code/salaboy/the-worst-way/to-tame-an-llm/intent-mapping-gerkin)
2026-03-11T09:42:30.166Z  INFO 48620 --- [           main] c.s.i.CucumberSpringConfiguration        : No active profile set, falling back to 1 default profile: "default"
2026-03-11T09:42:30.444Z  INFO 48620 --- [           main] .s.d.r.c.RepositoryConfigurationDelegate : Bootstrapping Spring Data JPA repositories in DEFAULT mode.
2026-03-11T09:42:30.468Z  INFO 48620 --- [           main] .s.d.r.c.RepositoryConfigurationDelegate : Finished Spring Data repository scanning in 19 ms. Found 2 JPA repository interfaces.
2026-03-11T09:42:30.692Z  INFO 48620 --- [           main] o.s.b.w.embedded.tomcat.TomcatWebServer  : Tomcat initialized with port 0 (http)
2026-03-11T09:42:30.700Z  INFO 48620 --- [           main] o.apache.catalina.core.StandardService   : Starting service [Tomcat]
2026-03-11T09:42:30.700Z  INFO 48620 --- [           main] o.apache.catalina.core.StandardEngine    : Starting Servlet engine: [Apache Tomcat/10.1.52]
2026-03-11T09:42:30.721Z  INFO 48620 --- [           main] o.a.c.c.C.[Tomcat].[localhost].[/]       : Initializing Spring embedded WebApplicationContext
2026-03-11T09:42:30.722Z  INFO 48620 --- [           main] w.s.c.ServletWebServerApplicationContext : Root WebApplicationContext: initialization completed in 548 ms
2026-03-11T09:42:30.811Z  INFO 48620 --- [           main] o.hibernate.jpa.internal.util.LogHelper  : HHH000204: Processing PersistenceUnitInfo [name: default]
2026-03-11T09:42:30.844Z  INFO 48620 --- [           main] org.hibernate.Version                    : HHH000412: Hibernate ORM core version 6.6.42.Final
2026-03-11T09:42:30.861Z  INFO 48620 --- [           main] o.h.c.internal.RegionFactoryInitiator    : HHH000026: Second-level cache disabled
2026-03-11T09:42:30.990Z  INFO 48620 --- [           main] o.s.o.j.p.SpringPersistenceUnitInfo      : No LoadTimeWeaver setup: ignoring JPA class transformer
2026-03-11T09:42:31.005Z  INFO 48620 --- [           main] com.zaxxer.hikari.HikariDataSource       : HikariPool-1 - Starting...
2026-03-11T09:42:31.086Z  INFO 48620 --- [           main] com.zaxxer.hikari.pool.HikariPool        : HikariPool-1 - Added connection conn0: url=jdbc:h2:mem:testdb user=SA
2026-03-11T09:42:31.087Z  INFO 48620 --- [           main] com.zaxxer.hikari.HikariDataSource       : HikariPool-1 - Start completed.
2026-03-11T09:42:31.116Z  INFO 48620 --- [           main] org.hibernate.orm.connections.pooling    : HHH10001005: Database info:
	Database JDBC URL [Connecting through datasource 'HikariDataSource (HikariPool-1)']
	Database driver: undefined/unknown
	Database version: 2.3.232
	Autocommit mode: undefined/unknown
	Isolation level: undefined/unknown
	Minimum pool size: undefined/unknown
	Maximum pool size: undefined/unknown
2026-03-11T09:42:31.483Z  INFO 48620 --- [           main] o.h.e.t.j.p.i.JtaPlatformInitiator       : HHH000489: No JTA platform available (set 'hibernate.transaction.jta.platform' to enable JTA platform integration)
2026-03-11T09:42:31.517Z  INFO 48620 --- [           main] j.LocalContainerEntityManagerFactoryBean : Initialized JPA EntityManagerFactory for persistence unit 'default'
2026-03-11T09:42:31.651Z  WARN 48620 --- [           main] JpaBaseConfiguration$JpaWebConfiguration : spring.jpa.open-in-view is enabled by default. Therefore, database queries may be performed during view rendering. Explicitly configure spring.jpa.open-in-view to disable this warning
2026-03-11T09:42:31.792Z  INFO 48620 --- [           main] o.s.b.a.h2.H2ConsoleAutoConfiguration    : H2 console available at '/h2-console'. Database available at 'jdbc:h2:mem:testdb'
2026-03-11T09:42:31.907Z  INFO 48620 --- [           main] o.s.b.w.embedded.tomcat.TomcatWebServer  : Tomcat started on port 64839 (http) with context path '/'
2026-03-11T09:42:31.913Z  INFO 48620 --- [           main] c.s.i.CucumberSpringConfiguration        : Started CucumberSpringConfiguration in 1.87 seconds (process running for 2.426)
2026-03-11T09:42:32.509Z  INFO 48620 --- [o-auto-1-exec-1] o.a.c.c.C.[Tomcat].[localhost].[/]       : Initializing Spring DispatcherServlet 'dispatcherServlet'
2026-03-11T09:42:32.509Z  INFO 48620 --- [o-auto-1-exec-1] o.s.web.servlet.DispatcherServlet        : Initializing Servlet 'dispatcherServlet'
2026-03-11T09:42:32.509Z  INFO 48620 --- [o-auto-1-exec-1] o.s.web.servlet.DispatcherServlet        : Completed initialization in 0 ms
]]></system-out>
    <system-err><![CDATA[Mockito is currently self-attaching to enable the inline-mock-maker. This will no longer work in future releases of the JDK. Please add Mockito as an agent to your build as described in Mockito's documentation: https://javadoc.io/doc/org.mockito/mockito-core/latest/org.mockito/org/mockito/Mockito.html#0.3
WARNING: A Java agent has been loaded dynamically (/Users/salaboy/.m2/repository/net/bytebuddy/byte-buddy-agent/1.17.8/byte-buddy-agent-1.17.8.jar)
WARNING: If a serviceability tool is in use, please run with -XX:+EnableDynamicAgentLoading to hide this warning
WARNING: If a serviceability tool is not in use, please run with -Djdk.instrument.traceUsage for more information
WARNING: Dynamic loading of agents will be disallowed by default in a future release
]]></system-err>
  </testcase>
  <testcase name="Example #1.1" classname="CucumberTest" time="0.019">
    <system-out><![CDATA[2026-03-11T09:42:32.583Z  INFO 48620 --- [           main] t.c.s.AnnotationConfigContextLoaderUtils : Could not detect default configuration classes for test class [com.salaboy.intentmapping.CucumberSpringConfiguration]: CucumberSpringConfiguration does not declare any static, non-private, non-final, nested classes annotated with @Configuration.
2026-03-11T09:42:32.583Z  INFO 48620 --- [           main] .b.t.c.SpringBootTestContextBootstrapper : Found @SpringBootConfiguration com.salaboy.intentmapping.IntentMappingApplication for test class com.salaboy.intentmapping.CucumberSpringConfiguration
]]></system-out>
  </testcase>
  <testcase name="Example #1.1" classname="CucumberTest" time="0.01">
    <system-out><![CDATA[2026-03-11T09:42:32.734Z  INFO 48620 --- [           main] t.c.s.AnnotationConfigContextLoaderUtils : Could not detect default configuration classes for test class [com.salaboy.intentmapping.CucumberSpringConfiguration]: CucumberSpringConfiguration does not declare any static, non-private, non-final, nested classes annotated with @Configuration.
2026-03-11T09:42:32.734Z  INFO 48620 --- [           main] .b.t.c.SpringBootTestContextBootstrapper : Found @SpringBootConfiguration com.salaboy.intentmapping.IntentMappingApplication for test class com.salaboy.intentmapping.CucumberSpringConfiguration
]]></system-out>
  </testcase>
  <testcase name="Example #1.2" classname="CucumberTest" time="0.013">
    <system-out><![CDATA[2026-03-11T09:42:32.603Z  INFO 48620 --- [           main] t.c.s.AnnotationConfigContextLoaderUtils : Could not detect default configuration classes for test class [com.salaboy.intentmapping.CucumberSpringConfiguration]: CucumberSpringConfiguration does not declare any static, non-private, non-final, nested classes annotated with @Configuration.
2026-03-11T09:42:32.603Z  INFO 48620 --- [           main] .b.t.c.SpringBootTestContextBootstrapper : Found @SpringBootConfiguration com.salaboy.intentmapping.IntentMappingApplication for test class com.salaboy.intentmapping.CucumberSpringConfiguration
]]></system-out>
  </testcase>
  <testcase name="Example #1.2" classname="CucumberTest" time="0.01">
    <system-out><![CDATA[2026-03-11T09:42:32.744Z  INFO 48620 --- [           main] t.c.s.AnnotationConfigContextLoaderUtils : Could not detect default configuration classes for test class [com.salaboy.intentmapping.CucumberSpringConfiguration]: CucumberSpringConfiguration does not declare any static, non-private, non-final, nested classes annotated with @Configuration.
2026-03-11T09:42:32.744Z  INFO 48620 --- [           main] .b.t.c.SpringBootTestContextBootstrapper : Found @SpringBootConfiguration com.salaboy.intentmapping.IntentMappingApplication for test class com.salaboy.intentmapping.CucumberSpringConfiguration
]]></system-out>
  </testcase>
  <testcase name="Example #1.3" classname="CucumberTest" time="0.011">
    <system-out><![CDATA[2026-03-11T09:42:32.616Z  INFO 48620 --- [           main] t.c.s.AnnotationConfigContextLoaderUtils : Could not detect default configuration classes for test class [com.salaboy.intentmapping.CucumberSpringConfiguration]: CucumberSpringConfiguration does not declare any static, non-private, non-final, nested classes annotated with @Configuration.
2026-03-11T09:42:32.616Z  INFO 48620 --- [           main] .b.t.c.SpringBootTestContextBootstrapper : Found @SpringBootConfiguration com.salaboy.intentmapping.IntentMappingApplication for test class com.salaboy.intentmapping.CucumberSpringConfiguration
]]></system-out>
  </testcase>
  <testcase name="Example #1.3" classname="CucumberTest" time="0.009">
    <system-out><![CDATA[2026-03-11T09:42:32.754Z  INFO 48620 --- [           main] t.c.s.AnnotationConfigContextLoaderUtils : Could not detect default configuration classes for test class [com.salaboy.intentmapping.CucumberSpringConfiguration]: CucumberSpringConfiguration does not declare any static, non-private, non-final, nested classes annotated with @Configuration.
2026-03-11T09:42:32.755Z  INFO 48620 --- [           main] .b.t.c.SpringBootTestContextBootstrapper : Found @SpringBootConfiguration com.salaboy.intentmapping.IntentMappingApplication for test class com.salaboy.intentmapping.CucumberSpringConfiguration
]]></system-out>
  </testcase>
  <testcase name="Get all customers" classname="CucumberTest" time="0.013">
    <system-out><![CDATA[2026-03-11T09:42:32.627Z  INFO 48620 --- [           main] t.c.s.AnnotationConfigContextLoaderUtils : Could not detect default configuration classes for test class [com.salaboy.intentmapping.CucumberSpringConfiguration]: CucumberSpringConfiguration does not declare any static, non-private, non-final, nested classes annotated with @Configuration.
2026-03-11T09:42:32.628Z  INFO 48620 --- [           main] .b.t.c.SpringBootTestContextBootstrapper : Found @SpringBootConfiguration com.salaboy.intentmapping.IntentMappingApplication for test class com.salaboy.intentmapping.CucumberSpringConfiguration
]]></system-out>
  </testcase>
  <testcase name="Get a customer by ID" classname="CucumberTest" time="0.017">
    <system-out><![CDATA[2026-03-11T09:42:32.641Z  INFO 48620 --- [           main] t.c.s.AnnotationConfigContextLoaderUtils : Could not detect default configuration classes for test class [com.salaboy.intentmapping.CucumberSpringConfiguration]: CucumberSpringConfiguration does not declare any static, non-private, non-final, nested classes annotated with @Configuration.
2026-03-11T09:42:32.642Z  INFO 48620 --- [           main] .b.t.c.SpringBootTestContextBootstrapper : Found @SpringBootConfiguration com.salaboy.intentmapping.IntentMappingApplication for test class com.salaboy.intentmapping.CucumberSpringConfiguration
]]></system-out>
  </testcase>
  <testcase name="Get a non-existent customer returns 404" classname="CucumberTest" time="0.011">
    <system-out><![CDATA[2026-03-11T09:42:32.659Z  INFO 48620 --- [           main] t.c.s.AnnotationConfigContextLoaderUtils : Could not detect default configuration classes for test class [com.salaboy.intentmapping.CucumberSpringConfiguration]: CucumberSpringConfiguration does not declare any static, non-private, non-final, nested classes annotated with @Configuration.
2026-03-11T09:42:32.659Z  INFO 48620 --- [           main] .b.t.c.SpringBootTestContextBootstrapper : Found @SpringBootConfiguration com.salaboy.intentmapping.IntentMappingApplication for test class com.salaboy.intentmapping.CucumberSpringConfiguration
]]></system-out>
  </testcase>
  <testcase name="Delete an existing customer" classname="CucumberTest" time="0.026">
    <system-out><![CDATA[2026-03-11T09:42:32.670Z  INFO 48620 --- [           main] t.c.s.AnnotationConfigContextLoaderUtils : Could not detect default configuration classes for test class [com.salaboy.intentmapping.CucumberSpringConfiguration]: CucumberSpringConfiguration does not declare any static, non-private, non-final, nested classes annotated with @Configuration.
2026-03-11T09:42:32.670Z  INFO 48620 --- [           main] .b.t.c.SpringBootTestContextBootstrapper : Found @SpringBootConfiguration com.salaboy.intentmapping.IntentMappingApplication for test class com.salaboy.intentmapping.CucumberSpringConfiguration
]]></system-out>
  </testcase>
  <testcase name="Delete a non-existent customer returns 404" classname="CucumberTest" time="0.01">
    <system-out><![CDATA[2026-03-11T09:42:32.696Z  INFO 48620 --- [           main] t.c.s.AnnotationConfigContextLoaderUtils : Could not detect default configuration classes for test class [com.salaboy.intentmapping.CucumberSpringConfiguration]: CucumberSpringConfiguration does not declare any static, non-private, non-final, nested classes annotated with @Configuration.
2026-03-11T09:42:32.697Z  INFO 48620 --- [           main] .b.t.c.SpringBootTestContextBootstrapper : Found @SpringBootConfiguration com.salaboy.intentmapping.IntentMappingApplication for test class com.salaboy.intentmapping.CucumberSpringConfiguration
]]></system-out>
  </testcase>
  <testcase name="Get all customers from an empty database returns empty list" classname="CucumberTest" time="0.01">
    <system-out><![CDATA[2026-03-11T09:42:32.706Z  INFO 48620 --- [           main] t.c.s.AnnotationConfigContextLoaderUtils : Could not detect default configuration classes for test class [com.salaboy.intentmapping.CucumberSpringConfiguration]: CucumberSpringConfiguration does not declare any static, non-private, non-final, nested classes annotated with @Configuration.
2026-03-11T09:42:32.707Z  INFO 48620 --- [           main] .b.t.c.SpringBootTestContextBootstrapper : Found @SpringBootConfiguration com.salaboy.intentmapping.IntentMappingApplication for test class com.salaboy.intentmapping.CucumberSpringConfiguration
]]></system-out>
  </testcase>
  <testcase name="Create a new product" classname="CucumberTest" time="0.017">
    <system-out><![CDATA[2026-03-11T09:42:32.716Z  INFO 48620 --- [           main] t.c.s.AnnotationConfigContextLoaderUtils : Could not detect default configuration classes for test class [com.salaboy.intentmapping.CucumberSpringConfiguration]: CucumberSpringConfiguration does not declare any static, non-private, non-final, nested classes annotated with @Configuration.
2026-03-11T09:42:32.717Z  INFO 48620 --- [           main] .b.t.c.SpringBootTestContextBootstrapper : Found @SpringBootConfiguration com.salaboy.intentmapping.IntentMappingApplication for test class com.salaboy.intentmapping.CucumberSpringConfiguration
]]></system-out>
  </testcase>
  <testcase name="Get all products" classname="CucumberTest" time="0.01">
    <system-out><![CDATA[2026-03-11T09:42:32.764Z  INFO 48620 --- [           main] t.c.s.AnnotationConfigContextLoaderUtils : Could not detect default configuration classes for test class [com.salaboy.intentmapping.CucumberSpringConfiguration]: CucumberSpringConfiguration does not declare any static, non-private, non-final, nested classes annotated with @Configuration.
2026-03-11T09:42:32.765Z  INFO 48620 --- [           main] .b.t.c.SpringBootTestContextBootstrapper : Found @SpringBootConfiguration com.salaboy.intentmapping.IntentMappingApplication for test class com.salaboy.intentmapping.CucumberSpringConfiguration
]]></system-out>
  </testcase>
  <testcase name="Get a product by ID" classname="CucumberTest" time="0.011">
    <system-out><![CDATA[2026-03-11T09:42:32.775Z  INFO 48620 --- [           main] t.c.s.AnnotationConfigContextLoaderUtils : Could not detect default configuration classes for test class [com.salaboy.intentmapping.CucumberSpringConfiguration]: CucumberSpringConfiguration does not declare any static, non-private, non-final, nested classes annotated with @Configuration.
2026-03-11T09:42:32.775Z  INFO 48620 --- [           main] .b.t.c.SpringBootTestContextBootstrapper : Found @SpringBootConfiguration com.salaboy.intentmapping.IntentMappingApplication for test class com.salaboy.intentmapping.CucumberSpringConfiguration
]]></system-out>
  </testcase>
  <testcase name="Get a non-existent product returns 404" classname="CucumberTest" time="0.008">
    <system-out><![CDATA[2026-03-11T09:42:32.786Z  INFO 48620 --- [           main] t.c.s.AnnotationConfigContextLoaderUtils : Could not detect default configuration classes for test class [com.salaboy.intentmapping.CucumberSpringConfiguration]: CucumberSpringConfiguration does not declare any static, non-private, non-final, nested classes annotated with @Configuration.
2026-03-11T09:42:32.786Z  INFO 48620 --- [           main] .b.t.c.SpringBootTestContextBootstrapper : Found @SpringBootConfiguration com.salaboy.intentmapping.IntentMappingApplication for test class com.salaboy.intentmapping.CucumberSpringConfiguration
]]></system-out>
  </testcase>
  <testcase name="Update an existing product" classname="CucumberTest" time="0.015">
    <system-out><![CDATA[2026-03-11T09:42:32.794Z  INFO 48620 --- [           main] t.c.s.AnnotationConfigContextLoaderUtils : Could not detect default configuration classes for test class [com.salaboy.intentmapping.CucumberSpringConfiguration]: CucumberSpringConfiguration does not declare any static, non-private, non-final, nested classes annotated with @Configuration.
2026-03-11T09:42:32.794Z  INFO 48620 --- [           main] .b.t.c.SpringBootTestContextBootstrapper : Found @SpringBootConfiguration com.salaboy.intentmapping.IntentMappingApplication for test class com.salaboy.intentmapping.CucumberSpringConfiguration
]]></system-out>
  </testcase>
  <testcase name="Update a non-existent product returns 404" classname="CucumberTest" time="0.009">
    <system-out><![CDATA[2026-03-11T09:42:32.808Z  INFO 48620 --- [           main] t.c.s.AnnotationConfigContextLoaderUtils : Could not detect default configuration classes for test class [com.salaboy.intentmapping.CucumberSpringConfiguration]: CucumberSpringConfiguration does not declare any static, non-private, non-final, nested classes annotated with @Configuration.
2026-03-11T09:42:32.809Z  INFO 48620 --- [           main] .b.t.c.SpringBootTestContextBootstrapper : Found @SpringBootConfiguration com.salaboy.intentmapping.IntentMappingApplication for test class com.salaboy.intentmapping.CucumberSpringConfiguration
]]></system-out>
  </testcase>
  <testcase name="Delete a product" classname="CucumberTest" time="0.011">
    <system-out><![CDATA[2026-03-11T09:42:32.818Z  INFO 48620 --- [           main] t.c.s.AnnotationConfigContextLoaderUtils : Could not detect default configuration classes for test class [com.salaboy.intentmapping.CucumberSpringConfiguration]: CucumberSpringConfiguration does not declare any static, non-private, non-final, nested classes annotated with @Configuration.
2026-03-11T09:42:32.818Z  INFO 48620 --- [           main] .b.t.c.SpringBootTestContextBootstrapper : Found @SpringBootConfiguration com.salaboy.intentmapping.IntentMappingApplication for test class com.salaboy.intentmapping.CucumberSpringConfiguration
]]></system-out>
  </testcase>
  <testcase name="Delete a non-existent product returns 404" classname="CucumberTest" time="0.007">
    <system-out><![CDATA[2026-03-11T09:42:32.829Z  INFO 48620 --- [           main] t.c.s.AnnotationConfigContextLoaderUtils : Could not detect default configuration classes for test class [com.salaboy.intentmapping.CucumberSpringConfiguration]: CucumberSpringConfiguration does not declare any static, non-private, non-final, nested classes annotated with @Configuration.
2026-03-11T09:42:32.829Z  INFO 48620 --- [           main] .b.t.c.SpringBootTestContextBootstrapper : Found @SpringBootConfiguration com.salaboy.intentmapping.IntentMappingApplication for test class com.salaboy.intentmapping.CucumberSpringConfiguration
]]></system-out>
  </testcase>
  <testcase name="Get all products from an empty database returns empty list" classname="CucumberTest" time="0.008">
    <system-out><![CDATA[2026-03-11T09:42:32.837Z  INFO 48620 --- [           main] t.c.s.AnnotationConfigContextLoaderUtils : Could not detect default configuration classes for test class [com.salaboy.intentmapping.CucumberSpringConfiguration]: CucumberSpringConfiguration does not declare any static, non-private, non-final, nested classes annotated with @Configuration.
2026-03-11T09:42:32.837Z  INFO 48620 --- [           main] .b.t.c.SpringBootTestContextBootstrapper : Found @SpringBootConfiguration com.salaboy.intentmapping.IntentMappingApplication for test class com.salaboy.intentmapping.CucumberSpringConfiguration
]]></system-out>
  </testcase>
</testsuite>